INFO [2018-03-03 11:23:38] Info in class 'Text', method 'initialize. Text object, lunch, instantiated.
INFO [2018-03-03 11:24:46] Info in class 'Text', method 'initialize. Text object, lunch, instantiated.
INFO [2018-03-03 11:25:41] Info in class 'Text', method 'initialize. Text object, lunch, instantiated.
INFO [2018-03-03 11:30:28] Info in class 'Text', method 'initialize. Text object, lunch, instantiated.
INFO [2018-03-03 11:32:41] Info in class 'Text', method 'initialize. Text object, lunch, instantiated.
INFO [2018-03-03 11:32:56] Info in class 'Text', method 'initialize. Text object, lunch, instantiated.
INFO [2018-03-03 11:45:01] Info in class 'Text', method 'initialize. Text object, lunch, instantiated.
INFO [2018-03-03 11:47:35] Info in class 'Text', method 'initialize. Text object, lunch, instantiated.
INFO [2018-03-03 11:47:56] Info in class 'Text', method 'initialize. Text object, lunch, instantiated.
INFO [2018-03-03 11:49:46] Info in class 'Text', method 'initialize. Text object, lunch, instantiated.
INFO [2018-03-03 11:58:48] Info in class 'Text', method 'initialize. Text object, lunch, instantiated.
INFO [2018-03-03 12:00:14] Info in class 'Text', method 'initialize. Text object, lunch, instantiated.
INFO [2018-03-03 12:00:30] Info in class 'Text', method 'initialize. Text object, lunch, instantiated.
INFO [2018-03-03 12:01:36] Info in class 'Text', method 'initialize. Text object, lunch, instantiated.
INFO [2018-03-03 12:05:24] Info in class 'Text', method 'initialize. Text object, lunch, instantiated.
INFO [2018-03-03 12:13:34] Info in class 'Text', method 'initialize. Updated text content.
INFO [2018-03-03 18:45:08] Info in class 'Text', method 'initialize. Text object, sfChronicle, instantiated.
INFO [2018-03-03 18:45:21] Info in class 'Text', method 'initialize. Text object, sfChronicle, instantiated.
INFO [2018-03-03 18:58:38] Info in class 'Text', method 'initialize. Text object, sfChronicle, instantiated.
INFO [2018-03-03 19:03:04] Info in class 'Text', method 'initialize. Text object, sfChronicle, instantiated.
INFO [2018-03-03 19:07:10] Info in class 'Text', method 'initialize. Text object, sfChronicle, instantiated.
INFO [2018-03-04 05:57:34] Info in class 'Document', method 'initialize. Document object, lunch, instantiated.
INFO [2018-03-04 06:00:36] Info in class 'Document', method 'initialize. Document object, lunch, instantiated.
INFO [2018-03-04 06:01:19] Info in class 'Document', method 'initialize. Document object, lunch, instantiated.
INFO [2018-03-04 06:01:33] Info in class 'Document', method 'initialize. Document object, lunch, instantiated.
INFO [2018-03-04 06:01:52] Info in class 'Document', method 'initialize. Document object, lunch, instantiated.
INFO [2018-03-04 06:04:16] Info in class 'Document', method 'initialize. Document object, lunch, instantiated.
INFO [2018-03-04 06:04:30] Info in class 'Document', method 'initialize. Document object, lunch, instantiated.
INFO [2018-03-04 06:05:45] Info in class 'Document', method 'initialize. Document object, lunch, instantiated.
INFO [2018-03-04 06:10:24] Info in class 'Document', method 'initialize. Document object, lunch, instantiated.
INFO [2018-03-04 06:11:40] Info in class 'Document', method 'initialize. Document object, lunch, instantiated.
INFO [2018-03-04 06:12:54] Info in class 'Document', method 'initialize. Document object, lunch, instantiated.
INFO [2018-03-04 06:17:01] Info in class 'Document', method 'initialize. Document object, lunch, instantiated.
INFO [2018-03-04 06:20:13] Info in class 'Document', method 'initialize. Document object, lunch, instantiated.
INFO [2018-03-04 06:21:29] Info in class 'Document', method 'initialize. Document object, lunch, instantiated.
INFO [2018-03-04 06:26:35] Info in class 'Document', method 'initialize. Document object, lunch, instantiated.
INFO [2018-03-04 06:26:47] Info in class 'Document', method 'initialize. Document object, lunch, instantiated.
INFO [2018-03-04 06:27:06] Info in class 'Document', method 'initialize. Document object, lunch, instantiated.
INFO [2018-03-04 06:27:23] Info in class 'Document', method 'initialize. Document object, lunch, instantiated.
INFO [2018-03-04 06:36:10] Info in class 'Document', method 'initialize. Document object, lunch, instantiated.
INFO [2018-03-04 06:36:41] Info in class 'Document', method 'initialize. Document object, lunch, instantiated.
INFO [2018-03-04 06:37:20] Info in class 'Text', method 'initialize. Text object, lunch, instantiated.
INFO [2018-03-04 06:37:43] Info in class 'Document', method 'initialize. Document object, lunch, instantiated.
INFO [2018-03-04 06:40:55] Info in class 'Document', method 'initialize. Document object, lunch, instantiated.
INFO [2018-03-04 06:44:59] Info in class 'Document', method 'initialize. Document object, lunch, instantiated.
INFO [2018-03-04 06:45:49] Info in class 'Document', method 'initialize. Document object, lunch, instantiated.
INFO [2018-03-04 06:45:49] Info in class 'Document', method 'attach. Attached lunch object to lunch.
INFO [2018-03-04 06:46:44] Info in class 'Document', method 'initialize. Document object, lunch, instantiated.
INFO [2018-03-04 06:46:45] Info in class 'Document', method 'attach. Attached lunch object to lunch.
INFO [2018-03-04 07:19:10] Info in class 'Document', method 'initialize. Document object, lunch, instantiated.
INFO [2018-03-04 07:28:14] Info in class 'Corpus', method 'initialize. Corpus object, lunch, instantiated.
INFO [2018-03-04 07:28:14] Info in class 'Corpus', method 'initialize. Corpus object, lunch, instantiated.
INFO [2018-03-04 07:28:14] Info in class 'Corpus', method 'attach. Attached lunch object to lunch.
INFO [2018-03-04 12:28:01] Info in class 'Document', method 'initialize. Document object, lunch, instantiated.
INFO [2018-03-04 12:28:02] Info in class 'Text', method 'initialize. Text object, lunch, instantiated.
INFO [2018-03-04 12:29:58] Info in class 'Document', method 'initialize. Document object, lunch, instantiated.
INFO [2018-03-04 12:29:58] Info in class 'Text', method 'initialize. Text object, lunch, instantiated.
INFO [2018-03-04 12:30:52] Info in class 'Document', method 'initialize. Document object, lunch, instantiated.
INFO [2018-03-04 12:30:52] Info in class 'Text', method 'initialize. Text object, lunch, instantiated.
INFO [2018-03-04 12:34:32] Info in class 'Text', method 'initialize. Text object, lunch, instantiated.
INFO [2018-03-04 12:34:37] Info in class 'Document', method 'attach. Attached lunch object to lunch.
INFO [2018-03-04 12:35:24] Info in class 'Document', method 'initialize. Document object, lunch, instantiated.
INFO [2018-03-04 12:35:25] Info in class 'Text', method 'initialize. Text object, lunch, instantiated.
INFO [2018-03-04 12:35:39] Info in class 'Document', method 'initialize. Document object, lunch, instantiated.
INFO [2018-03-04 12:35:39] Info in class 'Text', method 'initialize. Text object, lunch, instantiated.
INFO [2018-03-04 12:36:21] Info in class 'Document', method 'initialize. Document object, lunch, instantiated.
INFO [2018-03-04 12:36:21] Info in class 'Text', method 'initialize. Text object, lunch, instantiated.
INFO [2018-03-04 12:38:13] Info in class 'Document', method 'initialize. Document object, lunch, instantiated.
INFO [2018-03-04 12:38:13] Info in class 'Text', method 'initialize. Text object, lunch, instantiated.
INFO [2018-03-04 12:38:52] Info in class 'Document', method 'initialize. Document object, lunch, instantiated.
INFO [2018-03-04 12:38:52] Info in class 'Text', method 'initialize. Text object, lunch, instantiated.
INFO [2018-03-04 12:40:06] Info in class 'Document', method 'initialize. Document object, lunch, instantiated.
INFO [2018-03-04 12:40:06] Info in class 'Text', method 'initialize. Text object, lunch, instantiated.
INFO [2018-03-04 12:45:29] Info in class 'Document', method 'initialize. Document object, lunch, instantiated.
INFO [2018-03-04 12:45:29] Info in class 'Text', method 'initialize. Text object, lunch, instantiated.
INFO [2018-03-04 12:47:56] Info in class 'Document', method 'initialize. Document object, lunch, instantiated.
INFO [2018-03-04 12:47:56] Info in class 'Text', method 'initialize. Text object, lunch, instantiated.
INFO [2018-03-04 12:47:56] Info in class 'Document', method 'attach. Attached lunch object to lunch.
INFO [2018-03-04 22:17:54] Info in class 'Text', method 'initialize. Text object, lunch, instantiated.
INFO [2018-03-04 22:18:11] Info in class 'Text', method 'initialize. Text object, lunch, instantiated.
INFO [2018-03-04 22:18:27] Info in class 'Text', method 'initialize. Text object, lunch, instantiated.
INFO [2018-03-05 01:23:36] Info in class 'Document', method 'initialize. Document object, lunch, instantiated.
INFO [2018-03-06 20:12:13] Info in class 'Text', method 'initialize. Text object, lunch, instantiated.
INFO [2018-03-06 20:14:55] Info in class 'Text', method 'initialize. Text object, lunch, instantiated.
INFO [2018-03-06 20:21:03] Info in class 'Text', method 'initialize. Text object, lunch, instantiated.
INFO [2018-03-06 20:22:48] Info in class 'Text', method 'initialize. Text object, lunch, instantiated.
INFO [2018-03-06 20:25:02] Info in class 'Text', method 'initialize. Text object, lunch, instantiated.
INFO [2018-03-06 20:26:15] Info in class 'Text', method 'initialize. Text object, lunch, instantiated.
INFO [2018-03-06 20:27:07] Info in class 'Text', method 'initialize. Text object, lunch, instantiated.
INFO [2018-03-06 20:32:08] Info in class 'Text', method 'initialize. Text object, lunch, instantiated.
INFO [2018-03-06 21:51:17] Info in class 'Text', method 'initialize. Text object, lunch, instantiated.
INFO [2018-03-06 21:52:42] Info in class 'Text', method 'initialize. Text object, lunch, instantiated.
INFO [2018-03-06 21:52:42] Info in class '', method '. Successfully read en_US.twitter.txt.
INFO [2018-03-06 21:52:42] Info in class 'Text', method 'read. Read Text object, 'lunch' from ./test/testData/medium/en_US.twitter.txt. 
INFO [2018-03-06 21:53:09] Info in class 'Text', method 'initialize. Text object, lunch, instantiated.
INFO [2018-03-06 21:53:09] Info in class '', method '. Successfully read en_US.twitter.txt.
INFO [2018-03-06 21:53:09] Info in class 'Text', method 'read. Read Text object, 'lunch' from ./test/testData/medium/en_US.twitter.txt. 
INFO [2018-03-06 21:53:24] Info in class 'Text', method 'initialize. Text object, lunch, instantiated.
INFO [2018-03-06 21:53:25] Info in class '', method '. Successfully read en_US.twitter.txt.
INFO [2018-03-06 21:53:25] Info in class 'Text', method 'read. Read Text object, 'lunch' from ./test/testData/medium/en_US.twitter.txt. 
INFO [2018-03-06 21:54:44] Info in class 'Text', method 'initialize. Text object, lunch, instantiated.
INFO [2018-03-06 21:54:44] Info in class '', method '. Successfully read en_US.twitter.txt.
INFO [2018-03-06 21:54:44] Info in class 'Text', method 'read. Read Text object, 'lunch' from ./test/testData/medium/en_US.twitter.txt. 
INFO [2018-03-06 21:55:21] Info in class 'Text', method 'initialize. Text object, lunch, instantiated.
INFO [2018-03-06 21:55:21] Info in class '', method '. Successfully read en_US.twitter.txt.
INFO [2018-03-06 21:55:21] Info in class 'Text', method 'read. Read Text object, 'lunch' from ./test/testData/medium/en_US.twitter.txt. 
INFO [2018-03-06 22:01:05] Info in class 'Text', method 'initialize. Text object, lunch, instantiated.
INFO [2018-03-06 22:01:05] Info in class '', method '. Successfully read en_US.twitter.txt.
INFO [2018-03-06 22:01:05] Info in class 'Text', method 'read. Read Text object, 'lunch' from ./test/testData/medium/en_US.twitter.txt. 
INFO [2018-03-06 22:02:49] Info in class 'Text', method 'initialize. Text object, lunch, instantiated.
INFO [2018-03-06 22:02:49] Info in class '', method '. Successfully read en_US.twitter.txt.
INFO [2018-03-06 22:02:49] Info in class 'Text', method 'read. Read Text object, 'lunch' from ./test/testData/medium/en_US.twitter.txt. 
INFO [2018-03-06 22:03:31] Info in class 'Text', method 'initialize. Text object, lunch, instantiated.
INFO [2018-03-06 22:03:31] Info in class '', method '. Successfully read en_US.twitter.txt.
INFO [2018-03-06 22:03:31] Info in class 'Text', method 'read. Read Text object, 'lunch' from ./test/testData/medium/en_US.twitter.txt. 
INFO [2018-03-06 22:03:31] Info in class '', method '. Successfully wrote en_US.twitter.txt.
INFO [2018-03-06 22:03:31] Info in class 'Text', method 'write. Saved Text object, 'lunch' to ./test/testData/output/en_US.twitter.txt. 
INFO [2018-03-06 22:03:31] Info in class '', method '. Successfully read en_US.twitter.txt.
INFO [2018-03-06 22:03:31] Info in class 'Text', method 'read. Read Text object, 'lunch' from ./test/testData/output/en_US.twitter.txt. 
INFO [2018-03-07 19:45:43] Info in class 'Text', method 'initialize. Text object, lunch, instantiated.
INFO [2018-03-07 19:48:06] Info in class 'Text', method 'initialize. Text object, lunch, instantiated.
INFO [2018-03-07 19:48:07] Info in class '', method '. Successfully read en_US.twitter.txt.
INFO [2018-03-07 19:48:07] Info in class 'Text', method 'read. Read Text object, 'lunch' from ./test/testData/medium/en_US.twitter.txt. 
INFO [2018-03-07 19:48:07] Info in class '', method '. Successfully wrote en_US.twitter.txt.
INFO [2018-03-07 19:48:07] Info in class 'Text', method 'write. Saved Text object, 'lunch' to ./test/testData/output/en_US.twitter.txt. 
INFO [2018-03-07 19:48:07] Info in class '', method '. Successfully read en_US.twitter.txt.
INFO [2018-03-07 19:48:07] Info in class 'Text', method 'read. Read Text object, 'lunch' from ./test/testData/output/en_US.twitter.txt. 
INFO [2018-03-07 19:49:04] Info in class 'Text', method 'initialize. Text object, lunch, instantiated.
INFO [2018-03-07 19:49:04] Info in class '', method '. Successfully read en_US.twitter.txt.
INFO [2018-03-07 19:49:04] Info in class 'Text', method 'read. Read Text object, 'lunch' from ./test/testData/medium/en_US.twitter.txt. 
INFO [2018-03-07 19:49:04] Info in class '', method '. Successfully wrote en_US.twitter.txt.
INFO [2018-03-07 19:49:04] Info in class 'Text', method 'write. Saved Text object, 'lunch' to ./test/testData/output/en_US.twitter.txt. 
INFO [2018-03-07 19:49:04] Info in class '', method '. Successfully read en_US.twitter.txt.
INFO [2018-03-07 19:49:04] Info in class 'Text', method 'read. Read Text object, 'lunch' from ./test/testData/output/en_US.twitter.txt. 
INFO [2018-03-08 02:11:00] Info in class 'Text', method 'initialize. Text object, lunch, instantiated.
INFO [2018-03-08 02:12:19] Info in class 'Text', method 'initialize. Text object, lunch, instantiated.
INFO [2018-03-08 02:13:11] Info in class 'Text', method 'initialize. Text object, lunch, instantiated.
INFO [2018-03-08 02:13:12] Info in class '', method '. Successfully read en_US.twitter.txt.
INFO [2018-03-08 02:13:12] Info in class 'Text', method 'read. Read Text object, 'lunch' from ./test/testData/medium/en_US.twitter.txt. 
INFO [2018-03-08 02:13:12] Info in class '', method '. Successfully wrote en_US.twitter.txt.
INFO [2018-03-08 02:13:12] Info in class 'Text', method 'write. Saved Text object, 'lunch' to ./test/testData/output/en_US.twitter.txt. 
INFO [2018-03-08 02:13:12] Info in class '', method '. Successfully read en_US.twitter.txt.
INFO [2018-03-08 02:13:12] Info in class 'Text', method 'read. Read Text object, 'lunch' from ./test/testData/output/en_US.twitter.txt. 
INFO [2018-03-08 18:54:27] Info in class 'Text', method 'initialize. Text object, small, instantiated.
INFO [2018-03-08 18:54:28] Info in class 'Text', method 'initialize. Text object, medium, instantiated.
INFO [2018-03-08 19:05:36] Info in class 'Text', method 'initialize. Text object, large, instantiated.
INFO [2018-03-08 19:10:35] Info in class 'Text', method 'initialize. Text object, small, instantiated.
INFO [2018-03-08 19:10:36] Info in class 'Text', method 'initialize. Text object, medium, instantiated.
INFO [2018-03-08 19:45:37] Info in class 'Text', method 'initialize. Text object, lunch, instantiated.
INFO [2018-03-08 19:46:18] Info in class 'Text', method 'initialize. Text object, lunch, instantiated.
INFO [2018-03-08 19:46:53] Info in class 'Text', method 'initialize. Text object, lunch, instantiated.
INFO [2018-03-08 19:48:02] Info in class 'Text', method 'initialize. Text object, lunch, instantiated.
INFO [2018-03-08 19:52:38] Info in class 'Text', method 'initialize. Text object, lunch, instantiated.
INFO [2018-03-08 19:53:05] Info in class 'Text', method 'initialize. Text object, lunch, instantiated.
INFO [2018-03-08 19:53:07] Info in class '', method '. Successfully read en_US.twitter.txt.
INFO [2018-03-08 19:53:07] Info in class 'Text', method 'read. Read Text object, 'lunch' from ./test/testData/medium/en_US.twitter.txt. 
INFO [2018-03-08 19:53:07] Info in class '', method '. Successfully wrote en_US.twitter.txt.
INFO [2018-03-08 19:53:07] Info in class 'Text', method 'write. Saved Text object, 'lunch' to ./test/testData/output/en_US.twitter.txt. 
INFO [2018-03-08 19:53:07] Info in class '', method '. Successfully read en_US.twitter.txt.
INFO [2018-03-08 19:53:07] Info in class 'Text', method 'read. Read Text object, 'lunch' from ./test/testData/output/en_US.twitter.txt. 
INFO [2018-03-08 19:53:35] Info in class 'Text', method 'initialize. Text object, small, instantiated.
INFO [2018-03-08 19:53:35] Info in class 'Text', method 'initialize. Text object, medium, instantiated.
INFO [2018-03-08 19:53:36] Info in class 'Text', method 'initialize. Text object, large, instantiated.
INFO [2018-03-08 20:01:35] Info in class 'Text', method 'initialize. Text object, small, instantiated.
INFO [2018-03-08 20:01:35] Info in class 'Text', method 'initialize. Text object, medium, instantiated.
INFO [2018-03-08 20:02:50] Info in class 'Text', method 'initialize. Text object, small, instantiated.
INFO [2018-03-08 20:02:50] Info in class 'Text', method 'initialize. Text object, medium, instantiated.
INFO [2018-03-08 20:04:28] Info in class 'Text', method 'initialize. Text object, small, instantiated.
INFO [2018-03-08 20:04:28] Info in class 'Text', method 'initialize. Text object, medium, instantiated.
INFO [2018-03-08 20:05:48] Info in class 'Text', method 'initialize. Text object, small, instantiated.
INFO [2018-03-08 20:05:48] Info in class 'Text', method 'initialize. Text object, medium, instantiated.
INFO [2018-03-08 20:06:51] Info in class 'Document', method 'initialize. Document object, Blogs, instantiated.
INFO [2018-03-08 20:10:41] Info in class 'Text', method 'initialize. Updated text content.
INFO [2018-03-08 20:11:33] Info in class 'Document', method 'attach. Attached  object to Blogs.
INFO [2018-03-08 20:11:33] Info in class 'Document', method 'attach. Attached  object to Blogs.
INFO [2018-03-08 20:18:29] Info in class 'Document', method 'initialize. Document object, Blogs, instantiated.
INFO [2018-03-08 20:18:29] Info in class 'Document', method 'attach. Attached  object to Blogs.
INFO [2018-03-08 20:18:30] Info in class 'Document', method 'attach. Attached  object to Blogs.
INFO [2018-03-08 20:24:20] Info in class 'Text', method 'initialize. Text object, small, instantiated.
INFO [2018-03-08 20:24:25] Info in class 'Text', method 'initialize. Text object, medium, instantiated.
INFO [2018-03-08 20:25:08] Info in class 'Document', method 'initialize. Document object, Blogs, instantiated.
INFO [2018-03-08 20:25:08] Info in class 'Document', method 'attach. Attached  object to Blogs.
INFO [2018-03-08 20:25:08] Info in class 'Document', method 'attach. Attached  object to Blogs.
INFO [2018-03-08 20:28:52] Info in class 'Text', method 'initialize. Text object, small, instantiated.
INFO [2018-03-08 20:28:52] Info in class 'Text', method 'initialize. Text object, medium, instantiated.
INFO [2018-03-08 20:28:52] Info in class 'Document', method 'initialize. Document object, Blogs, instantiated.
INFO [2018-03-08 20:28:52] Info in class 'Document', method 'attach. Attached  object to Blogs.
INFO [2018-03-08 20:28:52] Info in class 'Document', method 'attach. Attached  object to Blogs.
INFO [2018-03-09 10:21:31] Info in class 'Text', method 'initialize. Text object, small, instantiated.
INFO [2018-03-09 10:21:31] Info in class 'Text', method 'initialize. Text object, medium, instantiated.
INFO [2018-03-09 10:21:31] Info in class 'Document', method 'initialize. Document object, Blogs, instantiated.
INFO [2018-03-09 10:21:31] Info in class 'Document', method 'attach. Attached  object to Blogs.
INFO [2018-03-09 10:21:31] Info in class 'Document', method 'attach. Attached  object to Blogs.
INFO [2018-03-09 10:23:56] Info in class 'Document', method 'initialize. Document object, Blogs, instantiated.
INFO [2018-03-09 10:23:56] Info in class 'Document', method 'attach. Attached  object to Blogs.
INFO [2018-03-09 10:23:56] Info in class 'Document', method 'attach. Attached  object to Blogs.
INFO [2018-03-09 10:25:46] Info in class 'Document', method 'initialize. Document object, Blogs, instantiated.
INFO [2018-03-09 10:25:46] Info in class 'Document', method 'attach. Attached  object to Blogs.
INFO [2018-03-09 10:25:46] Info in class 'Document', method 'attach. Attached  object to Blogs.
INFO [2018-03-09 10:27:44] Info in class 'Document', method 'initialize. Document object, Blogs, instantiated.
INFO [2018-03-09 10:27:44] Info in class 'Document', method 'attach. Attached  object to Blogs.
INFO [2018-03-09 10:27:44] Info in class 'Document', method 'attach. Attached  object to Blogs.
INFO [2018-03-09 10:28:41] Info in class 'Document', method 'initialize. Document object, Blogs, instantiated.
INFO [2018-03-09 10:28:41] Info in class 'Document', method 'attach. Attached  object to Blogs.
INFO [2018-03-09 10:28:41] Info in class 'Document', method 'attach. Attached  object to Blogs.
INFO [2018-03-09 10:30:21] Info in class 'Text', method 'initialize. Text object, small, instantiated.
INFO [2018-03-09 10:30:29] Info in class 'Text', method 'initialize. Text object, medium, instantiated.
INFO [2018-03-09 10:30:47] Info in class 'Document', method 'initialize. Document object, Blogs, instantiated.
INFO [2018-03-09 10:30:47] Info in class 'Document', method 'attach. Attached  object to Blogs.
INFO [2018-03-09 10:30:47] Info in class 'Document', method 'attach. Attached  object to Blogs.
INFO [2018-03-09 10:44:43] Info in class 'Document', method 'initialize. Document object, Blogs, instantiated.
INFO [2018-03-09 10:44:43] Info in class 'Document', method 'attach. Attached  object to Blogs.
INFO [2018-03-09 10:44:43] Info in class 'Document', method 'attach. Attached  object to Blogs.
INFO [2018-03-09 10:47:38] Info in class 'Text', method 'initialize. Text object, green, instantiated.
INFO [2018-03-09 10:47:46] Info in class 'Document', method 'attach. Attached  object to Blogs.
INFO [2018-03-09 10:50:46] Info in class 'Document', method 'attach. Attached  object to Blogs.
INFO [2018-03-09 10:51:31] Info in class 'Text', method 'initialize. Text object, small, instantiated.
INFO [2018-03-09 10:51:35] Info in class 'Text', method 'initialize. Text object, medium, instantiated.
INFO [2018-03-09 10:51:38] Info in class 'Text', method 'initialize. Text object, green, instantiated.
INFO [2018-03-09 10:51:46] Info in class 'Document', method 'initialize. Document object, Blogs, instantiated.
INFO [2018-03-09 10:51:46] Info in class 'Document', method 'attach. Attached  object to Blogs.
INFO [2018-03-09 10:51:46] Info in class 'Document', method 'attach. Attached  object to Blogs.
INFO [2018-03-09 10:51:46] Info in class 'Document', method 'attach. Attached  object to Blogs.
INFO [2018-03-09 11:10:42] Info in class 'Document', method 'initialize. Document object, Blogs, instantiated.
INFO [2018-03-09 11:10:43] Info in class 'Document', method 'attach. Attached  object to Blogs.
INFO [2018-03-09 11:10:43] Info in class 'Document', method 'attach. Attached  object to Blogs.
INFO [2018-03-09 11:10:43] Info in class 'Document', method 'attach. Attached  object to Blogs.
