WARN [2018-03-03 11:58:49] Warn in class 'Text', method 'initialize. Non existent metadata variable
WARN [2018-03-03 12:00:14] Warn in class 'Text', method 'initialize. Non existent metadata variable
WARN [2018-03-03 12:00:30] Warn in class 'Text', method 'initialize. Non existent metadata variable
WARN [2018-03-03 12:01:36] Warn in class 'Text', method 'initialize. Non existent metadata variable
WARN [2018-03-03 12:05:24] Warn in class 'Text', method 'initialize. Non existent metadata variable
WARN [2018-03-04 06:00:36] Warn in class 'Document', method 'initialize. Non existent metadata variable
WARN [2018-03-04 06:01:19] Warn in class 'Document', method 'initialize. Non existent metadata variable
WARN [2018-03-04 06:01:33] Warn in class 'Document', method 'initialize. Non existent metadata variable
WARN [2018-03-04 06:01:52] Warn in class 'Document', method 'initialize. Non existent metadata variable
WARN [2018-03-04 06:04:16] Warn in class 'Document', method 'initialize. Non existent metadata variable
WARN [2018-03-04 06:04:30] Warn in class 'Document', method 'initialize. Non existent metadata variable
WARN [2018-03-04 06:05:45] Warn in class 'Document', method 'initialize. Non existent metadata variable
WARN [2018-03-04 06:10:24] Warn in class 'Document', method 'initialize. Non existent metadata variable
WARN [2018-03-04 06:11:40] Warn in class 'Document', method 'initialize. Non existent metadata variable
WARN [2018-03-04 06:12:54] Warn in class 'Document', method 'initialize. Non existent metadata variable
WARN [2018-03-04 06:17:01] Warn in class 'Document', method 'initialize. Non existent metadata variable
WARN [2018-03-04 06:20:13] Warn in class 'Document', method 'initialize. Non existent metadata variable
WARN [2018-03-04 06:26:35] Warn in class 'Document', method 'initialize. Non existent metadata variable
WARN [2018-03-04 06:26:47] Warn in class 'Document', method 'initialize. Non existent metadata variable
WARN [2018-03-04 06:26:47] Warn in class 'Document', method 'initialize. Non existent metadata variable
WARN [2018-03-04 06:27:06] Warn in class 'Document', method 'initialize. Non existent metadata variable
WARN [2018-03-04 06:27:23] Warn in class 'Document', method 'initialize. Non existent metadata variable
WARN [2018-03-04 06:36:10] Warn in class 'Document', method 'initialize. Non existent metadata variable
WARN [2018-03-04 06:36:41] Warn in class 'Document', method 'initialize. Non existent metadata variable
WARN [2018-03-04 06:37:43] Warn in class 'Document', method 'initialize. Non existent metadata variable
WARN [2018-03-04 06:40:55] Warn in class 'Document', method 'initialize. Non existent metadata variable
WARN [2018-03-04 06:44:59] Warn in class 'Document', method 'initialize. Non existent metadata variable
WARN [2018-03-04 06:45:49] Warn in class 'Document', method 'initialize. Non existent metadata variable
WARN [2018-03-04 06:45:49] Warn in class 'Document', method 'attach. Non existent metadata variable
WARN [2018-03-04 06:46:44] Warn in class 'Document', method 'initialize. Non existent metadata variable
WARN [2018-03-04 06:46:45] Warn in class 'Document', method 'attach. Non existent metadata variable
WARN [2018-03-04 07:28:14] Warn in class 'Corpus', method 'initialize. Non existent metadata variable
WARN [2018-03-04 07:28:14] Warn in class 'Corpus', method 'attach. Non existent metadata variable
WARN [2018-03-04 12:28:02] Warn in class 'Document', method 'initialize. Non existent metadata variable
WARN [2018-03-04 12:29:58] Warn in class 'Document', method 'initialize. Non existent metadata variable
WARN [2018-03-04 12:30:52] Warn in class 'Document', method 'initialize. Non existent metadata variable
WARN [2018-03-04 12:35:25] Warn in class 'Document', method 'initialize. Non existent metadata variable
WARN [2018-03-04 12:35:39] Warn in class 'Document', method 'initialize. Non existent metadata variable
WARN [2018-03-04 12:36:21] Warn in class 'Document', method 'initialize. Non existent metadata variable
WARN [2018-03-04 12:38:13] Warn in class 'Document', method 'initialize. Non existent metadata variable
WARN [2018-03-04 12:47:56] Warn in class 'Document', method 'attach. Non existent metadata variable
WARN [2018-03-04 22:17:54] Warn in class 'Text', method 'initialize. Non existent metadata variable
WARN [2018-03-04 22:18:11] Warn in class 'Text', method 'initialize. Non existent metadata variable
WARN [2018-03-04 22:18:27] Warn in class 'Text', method 'initialize. Non existent metadata variable
WARN [2018-03-06 20:12:13] Warn in class 'Text', method 'initialize. Non existent metadata variable
WARN [2018-03-06 20:14:56] Warn in class 'Text', method 'initialize. Non existent metadata variable
WARN [2018-03-06 20:21:03] Warn in class 'Text', method 'initialize. Non existent metadata variable
WARN [2018-03-06 20:22:48] Warn in class 'Text', method 'initialize. Non existent metadata variable
WARN [2018-03-06 20:25:02] Warn in class 'Text', method 'initialize. Non existent metadata variable
WARN [2018-03-06 20:26:15] Warn in class 'Text', method 'initialize. Non existent metadata variable
WARN [2018-03-06 20:27:07] Warn in class 'Text', method 'initialize. Non existent metadata variable
WARN [2018-03-06 20:32:08] Warn in class 'Text', method 'initialize. Non existent metadata variable
WARN [2018-03-06 21:51:17] Warn in class 'Text', method 'initialize. Non existent metadata variable
WARN [2018-03-06 21:52:42] Warn in class 'Text', method 'initialize. Non existent metadata variable
WARN [2018-03-06 21:53:09] Warn in class 'Text', method 'initialize. Non existent metadata variable
WARN [2018-03-06 21:53:24] Warn in class 'Text', method 'initialize. Non existent metadata variable
WARN [2018-03-06 21:54:44] Warn in class 'Text', method 'initialize. Non existent metadata variable
WARN [2018-03-06 21:55:21] Warn in class 'Text', method 'initialize. Non existent metadata variable
WARN [2018-03-06 22:01:05] Warn in class 'Text', method 'initialize. Non existent metadata variable
WARN [2018-03-06 22:02:49] Warn in class 'Text', method 'initialize. Non existent metadata variable
WARN [2018-03-06 22:03:31] Warn in class 'Text', method 'initialize. Non existent metadata variable
WARN [2018-03-07 19:45:43] Warn in class 'Text', method 'initialize. Non existent metadata variable
WARN [2018-03-07 19:48:06] Warn in class 'Text', method 'initialize. Non existent metadata variable
WARN [2018-03-07 19:49:04] Warn in class 'Text', method 'initialize. Non existent metadata variable
WARN [2018-03-08 02:13:12] Warn in class 'Text', method 'initialize. Non existent metadata variable
WARN [2018-03-08 19:45:37] Warn in class 'Text', method 'initialize. Non existent metadata variable
WARN [2018-03-08 19:46:18] Warn in class 'Text', method 'initialize. Non existent metadata variable
WARN [2018-03-08 19:46:53] Warn in class 'Text', method 'initialize. Non existent metadata variable
WARN [2018-03-08 19:48:02] Warn in class 'Text', method 'initialize. Non existent metadata variable
WARN [2018-03-08 19:52:38] Warn in class 'Text', method 'initialize. Non existent metadata variable
WARN [2018-03-08 19:53:05] Warn in class 'Text', method 'initialize. Non existent metadata variable
